<?xml version="1.0" encoding="UTF-8"?>
<!-- Generated by org.testng.reporters.JUnitReportReporter -->
<testsuite hostname="WINDOWS-7NC6KD9" failures="0" tests="1" name="com.theinternetherokuapp.tests.CheckBoxesTests" time="13.008" errors="0" timestamp="2024-12-09T14:27:24 MEZ" skipped="0">
  <testcase classname="com.theinternetherokuapp.tests.CheckBoxesTests" name="checkboxTest" time="13.008"/>
</testsuite> <!-- com.theinternetherokuapp.tests.CheckBoxesTests -->
