<?xml version="1.0" encoding="UTF-8"?>
<!-- Generated by org.testng.reporters.JUnitReportReporter -->
<testsuite hostname="WINDOWS-7NC6KD9" failures="0" tests="1" name="com.theinternetherokuapp.tests.LoginTests" time="11.173" errors="0" timestamp="2024-12-09T14:27:24 MEZ" skipped="0">
  <testcase classname="com.theinternetherokuapp.tests.LoginTests" name="loginTest" time="11.173"/>
</testsuite> <!-- com.theinternetherokuapp.tests.LoginTests -->
